app/build/intermediates/manifest_merge_blame_file/debug/processDebugMainManifest/manifest-merger-blame-debug-report.txt
1<?xml version="1.0" encoding="utf-8"?>
2<manifest xmlns:android="http://schemas.android.com/apk/res/android"
3    package="com.victorgomes.geofenceapp"
4    android:versionCode="1"
5    android:versionName="1.0" >
6
7    <uses-sdk
8        android:minSdkVersion="26"
9        android:targetSdkVersion="34" />
10
11    <!-- Location permissions -->
12    <uses-permission android:name="android.permission.ACCESS_FINE_LOCATION" />
12-->src\main\AndroidManifest.xml:5:5-79
12-->src\main\AndroidManifest.xml:5:22-76
13    <uses-permission android:name="android.permission.ACCESS_COARSE_LOCATION" />
13-->src\main\AndroidManifest.xml:6:5-81
13-->src\main\AndroidManifest.xml:6:22-78
14    <uses-permission android:name="android.permission.ACCESS_BACKGROUND_LOCATION" />
14-->src\main\AndroidManifest.xml:7:5-85
14-->src\main\AndroidManifest.xml:7:22-82
15
16    <!-- Network (for initial OSMDroid tile download/caching) -->
17    <uses-permission android:name="android.permission.INTERNET" />
17-->src\main\AndroidManifest.xml:10:5-67
17-->src\main\AndroidManifest.xml:10:22-64
18    <uses-permission android:name="android.permission.ACCESS_NETWORK_STATE" />
18-->src\main\AndroidManifest.xml:11:5-79
18-->src\main\AndroidManifest.xml:11:22-76
19
20    <!-- Storage for OSMDroid tile cache -->
21    <uses-permission
21-->src\main\AndroidManifest.xml:14:5-15:38
22        android:name="android.permission.WRITE_EXTERNAL_STORAGE"
22-->src\main\AndroidManifest.xml:14:22-78
23        android:maxSdkVersion="29" />
23-->src\main\AndroidManifest.xml:15:9-35
24
25    <!-- Notifications (Android 13+) -->
26    <uses-permission android:name="android.permission.POST_NOTIFICATIONS" />
26-->src\main\AndroidManifest.xml:18:5-77
26-->src\main\AndroidManifest.xml:18:22-74
27
28    <!-- Activity Recognition — required on Android 10+ for adaptive polling interval -->
29    <uses-permission android:name="android.permission.ACTIVITY_RECOGNITION" />
29-->src\main\AndroidManifest.xml:21:5-79
29-->src\main\AndroidManifest.xml:21:22-76
30
31    <!-- Foreground service -->
32    <uses-permission android:name="android.permission.FOREGROUND_SERVICE" />
32-->src\main\AndroidManifest.xml:24:5-77
32-->src\main\AndroidManifest.xml:24:22-74
33    <uses-permission android:name="android.permission.FOREGROUND_SERVICE_LOCATION" />
33-->src\main\AndroidManifest.xml:25:5-86
33-->src\main\AndroidManifest.xml:25:22-83
34
35    <!-- Battery optimization -->
36    <uses-permission android:name="android.permission.REQUEST_IGNORE_BATTERY_OPTIMIZATIONS" />
36-->src\main\AndroidManifest.xml:28:5-95
36-->src\main\AndroidManifest.xml:28:22-92
37
38    <!-- Mock GPS for debug screen -->
39    <uses-permission android:name="android.permission.ACCESS_MOCK_LOCATION" />
39-->src\main\AndroidManifest.xml:31:5-79
39-->src\main\AndroidManifest.xml:31:22-76
40
41    <!-- Wake lock to help receiver execute -->
42    <uses-permission android:name="android.permission.WAKE_LOCK" />
42-->src\main\AndroidManifest.xml:34:5-68
42-->src\main\AndroidManifest.xml:34:22-65
43    <uses-permission android:name="android.permission.RECEIVE_BOOT_COMPLETED" />
43-->src\main\AndroidManifest.xml:35:5-81
43-->src\main\AndroidManifest.xml:35:22-78
44
45    <permission
45-->[androidx.core:core:1.12.0] AndroidManifest.xml:22:5-24:47
46        android:name="com.victorgomes.geofenceapp.DYNAMIC_RECEIVER_NOT_EXPORTED_PERMISSION"
46-->[androidx.core:core:1.12.0] AndroidManifest.xml:23:9-81
47        android:protectionLevel="signature" />
47-->[androidx.core:core:1.12.0] AndroidManifest.xml:24:9-44
48
49    <uses-permission android:name="com.victorgomes.geofenceapp.DYNAMIC_RECEIVER_NOT_EXPORTED_PERMISSION" />
49-->[androidx.core:core:1.12.0] AndroidManifest.xml:26:5-97
49-->[androidx.core:core:1.12.0] AndroidManifest.xml:26:22-94
50
51    <supports-screens
51-->[org.osmdroid:osmdroid-android:6.1.17] AndroidManifest.xml:9:5-12:40
52        android:anyDensity="true"
52-->[org.osmdroid:osmdroid-android:6.1.17] AndroidManifest.xml:10:9-34
53        android:largeScreens="true"
53-->[org.osmdroid:osmdroid-android:6.1.17] AndroidManifest.xml:11:9-36
54        android:normalScreens="true" />
54-->[org.osmdroid:osmdroid-android:6.1.17] AndroidManifest.xml:12:9-37
55
56    <uses-feature
56-->[org.osmdroid:osmdroid-android:6.1.17] AndroidManifest.xml:14:5-16:36
57        android:name="android.hardware.location.network"
57-->[org.osmdroid:osmdroid-android:6.1.17] AndroidManifest.xml:15:9-57
58        android:required="false" />
58-->[org.osmdroid:osmdroid-android:6.1.17] AndroidManifest.xml:16:9-33
59    <uses-feature
59-->[org.osmdroid:osmdroid-android:6.1.17] AndroidManifest.xml:17:5-19:36
60        android:name="android.hardware.location.gps"
60-->[org.osmdroid:osmdroid-android:6.1.17] AndroidManifest.xml:18:9-53
61        android:required="false" />
61-->[org.osmdroid:osmdroid-android:6.1.17] AndroidManifest.xml:19:9-33
62    <uses-feature
62-->[org.osmdroid:osmdroid-android:6.1.17] AndroidManifest.xml:20:5-22:36
63        android:name="android.hardware.telephony"
63-->[org.osmdroid:osmdroid-android:6.1.17] AndroidManifest.xml:21:9-50
64        android:required="false" />
64-->[org.osmdroid:osmdroid-android:6.1.17] AndroidManifest.xml:22:9-33
65    <uses-feature
65-->[org.osmdroid:osmdroid-android:6.1.17] AndroidManifest.xml:23:5-25:36
66        android:name="android.hardware.wifi"
66-->[org.osmdroid:osmdroid-android:6.1.17] AndroidManifest.xml:24:9-45
67        android:required="false" />
67-->[org.osmdroid:osmdroid-android:6.1.17] AndroidManifest.xml:25:9-33
68
69    <application
69-->src\main\AndroidManifest.xml:37:5-88:19
70        android:allowBackup="true"
70-->src\main\AndroidManifest.xml:38:9-35
71        android:appComponentFactory="androidx.core.app.CoreComponentFactory"
71-->[androidx.core:core:1.12.0] AndroidManifest.xml:28:18-86
72        android:debuggable="true"
73        android:extractNativeLibs="false"
74        android:icon="@mipmap/ic_launcher"
74-->src\main\AndroidManifest.xml:39:9-43
75        android:label="@string/app_name"
75-->src\main\AndroidManifest.xml:40:9-41
76        android:networkSecurityConfig="@xml/network_security_config"
76-->src\main\AndroidManifest.xml:44:9-69
77        android:roundIcon="@mipmap/ic_launcher"
77-->src\main\AndroidManifest.xml:41:9-48
78        android:supportsRtl="true"
78-->src\main\AndroidManifest.xml:42:9-35
79        android:theme="@style/Theme.GeoFenceApp" >
79-->src\main\AndroidManifest.xml:43:9-49
80        <activity
80-->src\main\AndroidManifest.xml:46:9-54:20
81            android:name="com.victorgomes.geofenceapp.MainActivity"
81-->src\main\AndroidManifest.xml:47:13-41
82            android:exported="true"
82-->src\main\AndroidManifest.xml:48:13-36
83            android:launchMode="singleTop" >
83-->src\main\AndroidManifest.xml:49:13-43
84            <intent-filter>
84-->src\main\AndroidManifest.xml:50:13-53:29
85                <action android:name="android.intent.action.MAIN" />
85-->src\main\AndroidManifest.xml:51:17-69
85-->src\main\AndroidManifest.xml:51:25-66
86
87                <category android:name="android.intent.category.LAUNCHER" />
87-->src\main\AndroidManifest.xml:52:17-77
87-->src\main\AndroidManifest.xml:52:27-74
88            </intent-filter>
89        </activity>
90
91        <receiver
91-->src\main\AndroidManifest.xml:56:9-58:39
92            android:name="com.victorgomes.geofenceapp.geofence.GeofenceBroadcastReceiver"
92-->src\main\AndroidManifest.xml:57:13-63
93            android:exported="true" />
93-->src\main\AndroidManifest.xml:58:13-36
94
95        <service
95-->src\main\AndroidManifest.xml:60:9-63:56
96            android:name="com.victorgomes.geofenceapp.service.GeofenceMonitorService"
96-->src\main\AndroidManifest.xml:61:13-59
97            android:exported="false"
97-->src\main\AndroidManifest.xml:62:13-37
98            android:foregroundServiceType="location" />
98-->src\main\AndroidManifest.xml:63:13-53
99
100        <provider
101            android:name="androidx.core.content.FileProvider"
101-->src\main\AndroidManifest.xml:66:13-62
102            android:authorities="com.victorgomes.geofenceapp.fileprovider"
102-->src\main\AndroidManifest.xml:67:13-64
103            android:exported="false"
103-->src\main\AndroidManifest.xml:68:13-37
104            android:grantUriPermissions="true" >
104-->src\main\AndroidManifest.xml:69:13-47
105            <meta-data
105-->src\main\AndroidManifest.xml:70:13-72:54
106                android:name="android.support.FILE_PROVIDER_PATHS"
106-->src\main\AndroidManifest.xml:71:17-67
107                android:resource="@xml/file_paths" />
107-->src\main\AndroidManifest.xml:72:17-51
108        </provider>
109
110        <receiver
110-->src\main\AndroidManifest.xml:75:9-77:40
111            android:name="com.victorgomes.geofenceapp.geofence.ActivityTransitionReceiver"
111-->src\main\AndroidManifest.xml:76:13-64
112            android:exported="false" />
112-->src\main\AndroidManifest.xml:77:13-37
113        <receiver
113-->src\main\AndroidManifest.xml:79:9-86:20
114            android:name="com.victorgomes.geofenceapp.geofence.BootReceiver"
114-->src\main\AndroidManifest.xml:80:13-50
115            android:exported="true" >
115-->src\main\AndroidManifest.xml:81:13-36
116            <intent-filter>
116-->src\main\AndroidManifest.xml:82:13-85:29
117                <action android:name="android.intent.action.BOOT_COMPLETED" />
117-->src\main\AndroidManifest.xml:83:17-79
117-->src\main\AndroidManifest.xml:83:25-76
118                <action android:name="android.intent.action.MY_PACKAGE_REPLACED" />
118-->src\main\AndroidManifest.xml:84:17-84
118-->src\main\AndroidManifest.xml:84:25-81
119            </intent-filter>
120        </receiver>
121
122        <provider
122-->[androidx.emoji2:emoji2:1.2.0] AndroidManifest.xml:24:9-32:20
123            android:name="androidx.startup.InitializationProvider"
123-->[androidx.emoji2:emoji2:1.2.0] AndroidManifest.xml:25:13-67
124            android:authorities="com.victorgomes.geofenceapp.androidx-startup"
124-->[androidx.emoji2:emoji2:1.2.0] AndroidManifest.xml:26:13-68
125            android:exported="false" >
125-->[androidx.emoji2:emoji2:1.2.0] AndroidManifest.xml:27:13-37
126            <meta-data
126-->[androidx.emoji2:emoji2:1.2.0] AndroidManifest.xml:29:13-31:52
127                android:name="androidx.emoji2.text.EmojiCompatInitializer"
127-->[androidx.emoji2:emoji2:1.2.0] AndroidManifest.xml:30:17-75
128                android:value="androidx.startup" />
128-->[androidx.emoji2:emoji2:1.2.0] AndroidManifest.xml:31:17-49
129            <meta-data
129-->[androidx.work:work-runtime:2.9.0] AndroidManifest.xml:34:13-36:52
130                android:name="androidx.work.WorkManagerInitializer"
130-->[androidx.work:work-runtime:2.9.0] AndroidManifest.xml:35:17-68
131                android:value="androidx.startup" />
131-->[androidx.work:work-runtime:2.9.0] AndroidManifest.xml:36:17-49
132            <meta-data
132-->[androidx.lifecycle:lifecycle-process:2.7.0] AndroidManifest.xml:29:13-31:52
133                android:name="androidx.lifecycle.ProcessLifecycleInitializer"
133-->[androidx.lifecycle:lifecycle-process:2.7.0] AndroidManifest.xml:30:17-78
134                android:value="androidx.startup" />
134-->[androidx.lifecycle:lifecycle-process:2.7.0] AndroidManifest.xml:31:17-49
135            <meta-data
135-->[androidx.profileinstaller:profileinstaller:1.3.0] AndroidManifest.xml:29:13-31:52
136                android:name="androidx.profileinstaller.ProfileInstallerInitializer"
136-->[androidx.profileinstaller:profileinstaller:1.3.0] AndroidManifest.xml:30:17-85
137                android:value="androidx.startup" />
137-->[androidx.profileinstaller:profileinstaller:1.3.0] AndroidManifest.xml:31:17-49
138        </provider>
139
140        <activity
140-->[com.google.android.gms:play-services-base:18.3.0] AndroidManifest.xml:20:9-22:45
141            android:name="com.google.android.gms.common.api.GoogleApiActivity"
141-->[com.google.android.gms:play-services-base:18.3.0] AndroidManifest.xml:20:19-85
142            android:exported="false"
142-->[com.google.android.gms:play-services-base:18.3.0] AndroidManifest.xml:22:19-43
143            android:theme="@android:style/Theme.Translucent.NoTitleBar" />
143-->[com.google.android.gms:play-services-base:18.3.0] AndroidManifest.xml:21:19-78
144
145        <meta-data
145-->[com.google.android.gms:play-services-basement:18.3.0] AndroidManifest.xml:21:9-23:69
146            android:name="com.google.android.gms.version"
146-->[com.google.android.gms:play-services-basement:18.3.0] AndroidManifest.xml:22:13-58
147            android:value="@integer/google_play_services_version" />
147-->[com.google.android.gms:play-services-basement:18.3.0] AndroidManifest.xml:23:13-66
148
149        <service
149-->[androidx.work:work-runtime:2.9.0] AndroidManifest.xml:39:9-45:35
150            android:name="androidx.work.impl.background.systemalarm.SystemAlarmService"
150-->[androidx.work:work-runtime:2.9.0] AndroidManifest.xml:40:13-88
151            android:directBootAware="false"
151-->[androidx.work:work-runtime:2.9.0] AndroidManifest.xml:41:13-44
152            android:enabled="@bool/enable_system_alarm_service_default"
152-->[androidx.work:work-runtime:2.9.0] AndroidManifest.xml:42:13-72
153            android:exported="false" />
153-->[androidx.work:work-runtime:2.9.0] AndroidManifest.xml:43:13-37
154        <service
154-->[androidx.work:work-runtime:2.9.0] AndroidManifest.xml:46:9-52:35
155            android:name="androidx.work.impl.background.systemjob.SystemJobService"
155-->[androidx.work:work-runtime:2.9.0] AndroidManifest.xml:47:13-84
156            android:directBootAware="false"
156-->[androidx.work:work-runtime:2.9.0] AndroidManifest.xml:48:13-44
157            android:enabled="@bool/enable_system_job_service_default"
157-->[androidx.work:work-runtime:2.9.0] AndroidManifest.xml:49:13-70
158            android:exported="true"
158-->[androidx.work:work-runtime:2.9.0] AndroidManifest.xml:50:13-36
159            android:permission="android.permission.BIND_JOB_SERVICE" />
159-->[androidx.work:work-runtime:2.9.0] AndroidManifest.xml:51:13-69
160        <service
160-->[androidx.work:work-runtime:2.9.0] AndroidManifest.xml:53:9-59:35
161            android:name="androidx.work.impl.foreground.SystemForegroundService"
161-->[androidx.work:work-runtime:2.9.0] AndroidManifest.xml:54:13-81
162            android:directBootAware="false"
162-->[androidx.work:work-runtime:2.9.0] AndroidManifest.xml:55:13-44
163            android:enabled="@bool/enable_system_foreground_service_default"
163-->[androidx.work:work-runtime:2.9.0] AndroidManifest.xml:56:13-77
164            android:exported="false" />
164-->[androidx.work:work-runtime:2.9.0] AndroidManifest.xml:57:13-37
165
166        <receiver
166-->[androidx.work:work-runtime:2.9.0] AndroidManifest.xml:61:9-66:35
167            android:name="androidx.work.impl.utils.ForceStopRunnable$BroadcastReceiver"
167-->[androidx.work:work-runtime:2.9.0] AndroidManifest.xml:62:13-88
168            android:directBootAware="false"
168-->[androidx.work:work-runtime:2.9.0] AndroidManifest.xml:63:13-44
169            android:enabled="true"
169-->[androidx.work:work-runtime:2.9.0] AndroidManifest.xml:64:13-35
170            android:exported="false" />
170-->[androidx.work:work-runtime:2.9.0] AndroidManifest.xml:65:13-37
171        <receiver
171-->[androidx.work:work-runtime:2.9.0] AndroidManifest.xml:67:9-77:20
172            android:name="androidx.work.impl.background.systemalarm.ConstraintProxy$BatteryChargingProxy"
172-->[androidx.work:work-runtime:2.9.0] AndroidManifest.xml:68:13-106
173            android:directBootAware="false"
173-->[androidx.work:work-runtime:2.9.0] AndroidManifest.xml:69:13-44
174            android:enabled="false"
174-->[androidx.work:work-runtime:2.9.0] AndroidManifest.xml:70:13-36
175            android:exported="false" >
175-->[androidx.work:work-runtime:2.9.0] AndroidManifest.xml:71:13-37
176            <intent-filter>
176-->[androidx.work:work-runtime:2.9.0] AndroidManifest.xml:73:13-76:29
177                <action android:name="android.intent.action.ACTION_POWER_CONNECTED" />
177-->[androidx.work:work-runtime:2.9.0] AndroidManifest.xml:74:17-87
177-->[androidx.work:work-runtime:2.9.0] AndroidManifest.xml:74:25-84
178                <action android:name="android.intent.action.ACTION_POWER_DISCONNECTED" />
178-->[androidx.work:work-runtime:2.9.0] AndroidManifest.xml:75:17-90
178-->[androidx.work:work-runtime:2.9.0] AndroidManifest.xml:75:25-87
179            </intent-filter>
180        </receiver>
181        <receiver
181-->[androidx.work:work-runtime:2.9.0] AndroidManifest.xml:78:9-88:20
182            android:name="androidx.work.impl.background.systemalarm.ConstraintProxy$BatteryNotLowProxy"
182-->[androidx.work:work-runtime:2.9.0] AndroidManifest.xml:79:13-104
183            android:directBootAware="false"
183-->[androidx.work:work-runtime:2.9.0] AndroidManifest.xml:80:13-44
184            android:enabled="false"
184-->[androidx.work:work-runtime:2.9.0] AndroidManifest.xml:81:13-36
185            android:exported="false" >
185-->[androidx.work:work-runtime:2.9.0] AndroidManifest.xml:82:13-37
186            <intent-filter>
186-->[androidx.work:work-runtime:2.9.0] AndroidManifest.xml:84:13-87:29
187                <action android:name="android.intent.action.BATTERY_OKAY" />
187-->[androidx.work:work-runtime:2.9.0] AndroidManifest.xml:85:17-77
187-->[androidx.work:work-runtime:2.9.0] AndroidManifest.xml:85:25-74
188                <action android:name="android.intent.action.BATTERY_LOW" />
188-->[androidx.work:work-runtime:2.9.0] AndroidManifest.xml:86:17-76
188-->[androidx.work:work-runtime:2.9.0] AndroidManifest.xml:86:25-73
189            </intent-filter>
190        </receiver>
191        <receiver
191-->[androidx.work:work-runtime:2.9.0] AndroidManifest.xml:89:9-99:20
192            android:name="androidx.work.impl.background.systemalarm.ConstraintProxy$StorageNotLowProxy"
192-->[androidx.work:work-runtime:2.9.0] AndroidManifest.xml:90:13-104
193            android:directBootAware="false"
193-->[androidx.work:work-runtime:2.9.0] AndroidManifest.xml:91:13-44
194            android:enabled="false"
194-->[androidx.work:work-runtime:2.9.0] AndroidManifest.xml:92:13-36
195            android:exported="false" >
195-->[androidx.work:work-runtime:2.9.0] AndroidManifest.xml:93:13-37
196            <intent-filter>
196-->[androidx.work:work-runtime:2.9.0] AndroidManifest.xml:95:13-98:29
197                <action android:name="android.intent.action.DEVICE_STORAGE_LOW" />
197-->[androidx.work:work-runtime:2.9.0] AndroidManifest.xml:96:17-83
197-->[androidx.work:work-runtime:2.9.0] AndroidManifest.xml:96:25-80
198                <action android:name="android.intent.action.DEVICE_STORAGE_OK" />
198-->[androidx.work:work-runtime:2.9.0] AndroidManifest.xml:97:17-82
198-->[androidx.work:work-runtime:2.9.0] AndroidManifest.xml:97:25-79
199            </intent-filter>
200        </receiver>
201        <receiver
201-->[androidx.work:work-runtime:2.9.0] AndroidManifest.xml:100:9-109:20
202            android:name="androidx.work.impl.background.systemalarm.ConstraintProxy$NetworkStateProxy"
202-->[androidx.work:work-runtime:2.9.0] AndroidManifest.xml:101:13-103
203            android:directBootAware="false"
203-->[androidx.work:work-runtime:2.9.0] AndroidManifest.xml:102:13-44
204            android:enabled="false"
204-->[androidx.work:work-runtime:2.9.0] AndroidManifest.xml:103:13-36
205            android:exported="false" >
205-->[androidx.work:work-runtime:2.9.0] AndroidManifest.xml:104:13-37
206            <intent-filter>
206-->[androidx.work:work-runtime:2.9.0] AndroidManifest.xml:106:13-108:29
207                <action android:name="android.net.conn.CONNECTIVITY_CHANGE" />
207-->[androidx.work:work-runtime:2.9.0] AndroidManifest.xml:107:17-79
207-->[androidx.work:work-runtime:2.9.0] AndroidManifest.xml:107:25-76
208            </intent-filter>
209        </receiver>
210        <receiver
210-->[androidx.work:work-runtime:2.9.0] AndroidManifest.xml:110:9-121:20
211            android:name="androidx.work.impl.background.systemalarm.RescheduleReceiver"
211-->[androidx.work:work-runtime:2.9.0] AndroidManifest.xml:111:13-88
212            android:directBootAware="false"
212-->[androidx.work:work-runtime:2.9.0] AndroidManifest.xml:112:13-44
213            android:enabled="false"
213-->[androidx.work:work-runtime:2.9.0] AndroidManifest.xml:113:13-36
214            android:exported="false" >
214-->[androidx.work:work-runtime:2.9.0] AndroidManifest.xml:114:13-37
215            <intent-filter>
215-->[androidx.work:work-runtime:2.9.0] AndroidManifest.xml:116:13-120:29
216                <action android:name="android.intent.action.BOOT_COMPLETED" />
216-->src\main\AndroidManifest.xml:83:17-79
216-->src\main\AndroidManifest.xml:83:25-76
217                <action android:name="android.intent.action.TIME_SET" />
217-->[androidx.work:work-runtime:2.9.0] AndroidManifest.xml:118:17-73
217-->[androidx.work:work-runtime:2.9.0] AndroidManifest.xml:118:25-70
218                <action android:name="android.intent.action.TIMEZONE_CHANGED" />
218-->[androidx.work:work-runtime:2.9.0] AndroidManifest.xml:119:17-81
218-->[androidx.work:work-runtime:2.9.0] AndroidManifest.xml:119:25-78
219            </intent-filter>
220        </receiver>
221        <receiver
221-->[androidx.work:work-runtime:2.9.0] AndroidManifest.xml:122:9-131:20
222            android:name="androidx.work.impl.background.systemalarm.ConstraintProxyUpdateReceiver"
222-->[androidx.work:work-runtime:2.9.0] AndroidManifest.xml:123:13-99
223            android:directBootAware="false"
223-->[androidx.work:work-runtime:2.9.0] AndroidManifest.xml:124:13-44
224            android:enabled="@bool/enable_system_alarm_service_default"
224-->[androidx.work:work-runtime:2.9.0] AndroidManifest.xml:125:13-72
225            android:exported="false" >
225-->[androidx.work:work-runtime:2.9.0] AndroidManifest.xml:126:13-37
226            <intent-filter>
226-->[androidx.work:work-runtime:2.9.0] AndroidManifest.xml:128:13-130:29
227                <action android:name="androidx.work.impl.background.systemalarm.UpdateProxies" />
227-->[androidx.work:work-runtime:2.9.0] AndroidManifest.xml:129:17-98
227-->[androidx.work:work-runtime:2.9.0] AndroidManifest.xml:129:25-95
228            </intent-filter>
229        </receiver>
230        <receiver
230-->[androidx.work:work-runtime:2.9.0] AndroidManifest.xml:132:9-142:20
231            android:name="androidx.work.impl.diagnostics.DiagnosticsReceiver"
231-->[androidx.work:work-runtime:2.9.0] AndroidManifest.xml:133:13-78
232            android:directBootAware="false"
232-->[androidx.work:work-runtime:2.9.0] AndroidManifest.xml:134:13-44
233            android:enabled="true"
233-->[androidx.work:work-runtime:2.9.0] AndroidManifest.xml:135:13-35
234            android:exported="true"
234-->[androidx.work:work-runtime:2.9.0] AndroidManifest.xml:136:13-36
235            android:permission="android.permission.DUMP" >
235-->[androidx.work:work-runtime:2.9.0] AndroidManifest.xml:137:13-57
236            <intent-filter>
236-->[androidx.work:work-runtime:2.9.0] AndroidManifest.xml:139:13-141:29
237                <action android:name="androidx.work.diagnostics.REQUEST_DIAGNOSTICS" />
237-->[androidx.work:work-runtime:2.9.0] AndroidManifest.xml:140:17-88
237-->[androidx.work:work-runtime:2.9.0] AndroidManifest.xml:140:25-85
238            </intent-filter>
239        </receiver>
240
241        <uses-library
241-->[androidx.window:window:1.0.0] AndroidManifest.xml:25:9-27:40
242            android:name="androidx.window.extensions"
242-->[androidx.window:window:1.0.0] AndroidManifest.xml:26:13-54
243            android:required="false" />
243-->[androidx.window:window:1.0.0] AndroidManifest.xml:27:13-37
244        <uses-library
244-->[androidx.window:window:1.0.0] AndroidManifest.xml:28:9-30:40
245            android:name="androidx.window.sidecar"
245-->[androidx.window:window:1.0.0] AndroidManifest.xml:29:13-51
246            android:required="false" />
246-->[androidx.window:window:1.0.0] AndroidManifest.xml:30:13-37
247
248        <service
248-->[androidx.room:room-runtime:2.6.1] AndroidManifest.xml:24:9-28:63
249            android:name="androidx.room.MultiInstanceInvalidationService"
249-->[androidx.room:room-runtime:2.6.1] AndroidManifest.xml:25:13-74
250            android:directBootAware="true"
250-->[androidx.room:room-runtime:2.6.1] AndroidManifest.xml:26:13-43
251            android:exported="false" />
251-->[androidx.room:room-runtime:2.6.1] AndroidManifest.xml:27:13-37
252
253        <receiver
253-->[androidx.profileinstaller:profileinstaller:1.3.0] AndroidManifest.xml:34:9-52:20
254            android:name="androidx.profileinstaller.ProfileInstallReceiver"
254-->[androidx.profileinstaller:profileinstaller:1.3.0] AndroidManifest.xml:35:13-76
255            android:directBootAware="false"
255-->[androidx.profileinstaller:profileinstaller:1.3.0] AndroidManifest.xml:36:13-44
256            android:enabled="true"
256-->[androidx.profileinstaller:profileinstaller:1.3.0] AndroidManifest.xml:37:13-35
257            android:exported="true"
257-->[androidx.profileinstaller:profileinstaller:1.3.0] AndroidManifest.xml:38:13-36
258            android:permission="android.permission.DUMP" >
258-->[androidx.profileinstaller:profileinstaller:1.3.0] AndroidManifest.xml:39:13-57
259            <intent-filter>
259-->[androidx.profileinstaller:profileinstaller:1.3.0] AndroidManifest.xml:40:13-42:29
260                <action android:name="androidx.profileinstaller.action.INSTALL_PROFILE" />
260-->[androidx.profileinstaller:profileinstaller:1.3.0] AndroidManifest.xml:41:17-91
260-->[androidx.profileinstaller:profileinstaller:1.3.0] AndroidManifest.xml:41:25-88
261            </intent-filter>
262            <intent-filter>
262-->[androidx.profileinstaller:profileinstaller:1.3.0] AndroidManifest.xml:43:13-45:29
263                <action android:name="androidx.profileinstaller.action.SKIP_FILE" />
263-->[androidx.profileinstaller:profileinstaller:1.3.0] AndroidManifest.xml:44:17-85
263-->[androidx.profileinstaller:profileinstaller:1.3.0] AndroidManifest.xml:44:25-82
264            </intent-filter>
265            <intent-filter>
265-->[androidx.profileinstaller:profileinstaller:1.3.0] AndroidManifest.xml:46:13-48:29
266                <action android:name="androidx.profileinstaller.action.SAVE_PROFILE" />
266-->[androidx.profileinstaller:profileinstaller:1.3.0] AndroidManifest.xml:47:17-88
266-->[androidx.profileinstaller:profileinstaller:1.3.0] AndroidManifest.xml:47:25-85
267            </intent-filter>
268            <intent-filter>
268-->[androidx.profileinstaller:profileinstaller:1.3.0] AndroidManifest.xml:49:13-51:29
269                <action android:name="androidx.profileinstaller.action.BENCHMARK_OPERATION" />
269-->[androidx.profileinstaller:profileinstaller:1.3.0] AndroidManifest.xml:50:17-95
269-->[androidx.profileinstaller:profileinstaller:1.3.0] AndroidManifest.xml:50:25-92
270            </intent-filter>
271        </receiver>
272    </application>
273
274</manifest>